<?xml version="1.0" encoding="UTF-8"?>
<Site BuildName="Linux-c++"
	BuildStamp="20240617-0650-Experimental"
	Name="souro"
	Generator="ctest-3.28.2"
	CompilerName="/usr/lib64/ccache/c++"
	CompilerVersion="14.1.1"
	OSName="Linux"
	Hostname="souro"
	OSRelease="6.8.11-300.fc40.x86_64"
	OSVersion="#1 SMP PREEMPT_DYNAMIC Mon May 27 14:53:33 UTC 2024"
	OSPlatform="x86_64"
	Is64Bits="1"
	VendorString="AuthenticAMD"
	VendorID="Advanced Micro Devices"
	FamilyID="25"
	ModelID="116"
	ProcessorCacheSize="1024"
	NumberOfLogicalCPU="16"
	NumberOfPhysicalCPU="8"
	TotalVirtualMemory="69226"
	TotalPhysicalMemory="31263"
	LogicalProcessorsPerPhysical="2"
	ProcessorClockFrequency="2132.77"
	>
	<DynamicAnalysis Checker="Valgrind">
		<StartDateTime>Jun 17 02:50 EDT</StartDateTime>
		<StartTestTime>1718607033</StartTestTime>
		<TestList>
			<Test>./example_test</Test>
		</TestList>
		<DefectList/>
		<EndDateTime>Jun 17 02:50 EDT</EndDateTime>
		<EndTestTime>1718607033</EndTestTime>
		<ElapsedMinutes>0</ElapsedMinutes>
	</DynamicAnalysis>
</Site>
